Determining if the pthread_create exist failed with the following output:
Change Dir: /home/ga59muq/group7/ga59muq/build/CMakeFiles/CMakeTmp

Run Build Command:/usr/bin/make "cmTryCompileExec3849570375/fast"
/usr/bin/make -f CMakeFiles/cmTryCompileExec3849570375.dir/build.make CMakeFiles/cmTryCompileExec3849570375.dir/build
make[1]: Entering directory `/home/ga59muq/group7/ga59muq/build/CMakeFiles/CMakeTmp'
/usr/bin/cmake -E cmake_progress_report /home/ga59muq/group7/ga59muq/build/CMakeFiles/CMakeTmp/CMakeFiles 1
Building C object CMakeFiles/cmTryCompileExec3849570375.dir/CheckSymbolExists.c.o
/usr/bin/cc    -o CMakeFiles/cmTryCompileExec3849570375.dir/CheckSymbolExists.c.o   -c /home/ga59muq/group7/ga59muq/build/CMakeFiles/CMakeTmp/CheckSymbolExists.c
Linking C executable cmTryCompileExec3849570375
/usr/bin/cmake -E cmake_link_script CMakeFiles/cmTryCompileExec3849570375.dir/link.txt --verbose=1
/usr/bin/cc       CMakeFiles/cmTryCompileExec3849570375.dir/CheckSymbolExists.c.o  -o cmTryCompileExec3849570375 -rdynamic 
CMakeFiles/cmTryCompileExec3849570375.dir/CheckSymbolExists.c.o: In function `main':
CheckSymbolExists.c:(.text+0x16): undefined reference to `pthread_create'
collect2: error: ld returned 1 exit status
make[1]: *** [cmTryCompileExec3849570375] Error 1
make[1]: Leaving directory `/home/ga59muq/group7/ga59muq/build/CMakeFiles/CMakeTmp'
make: *** [cmTryCompileExec3849570375/fast] Error 2

File /home/ga59muq/group7/ga59muq/build/CMakeFiles/CMakeTmp/CheckSymbolExists.c:
/* */
#include <pthread.h>

int main(int argc, char** argv)
{
  (void)argv;
#ifndef pthread_create
  return ((int*)(&pthread_create))[argc];
#else
  (void)argc;
  return 0;
#endif
}

Determining if the function pthread_create exists in the pthreads failed with the following output:
Change Dir: /home/ga59muq/group7/ga59muq/build/CMakeFiles/CMakeTmp

Run Build Command:/usr/bin/make "cmTryCompileExec241957576/fast"
/usr/bin/make -f CMakeFiles/cmTryCompileExec241957576.dir/build.make CMakeFiles/cmTryCompileExec241957576.dir/build
make[1]: Entering directory `/home/ga59muq/group7/ga59muq/build/CMakeFiles/CMakeTmp'
/usr/bin/cmake -E cmake_progress_report /home/ga59muq/group7/ga59muq/build/CMakeFiles/CMakeTmp/CMakeFiles 1
Building C object CMakeFiles/cmTryCompileExec241957576.dir/CheckFunctionExists.c.o
/usr/bin/cc   -DCHECK_FUNCTION_EXISTS=pthread_create   -o CMakeFiles/cmTryCompileExec241957576.dir/CheckFunctionExists.c.o   -c /usr/share/cmake-2.8/Modules/CheckFunctionExists.c
Linking C executable cmTryCompileExec241957576
/usr/bin/cmake -E cmake_link_script CMakeFiles/cmTryCompileExec241957576.dir/link.txt --verbose=1
/usr/bin/cc   -DCHECK_FUNCTION_EXISTS=pthread_create    CMakeFiles/cmTryCompileExec241957576.dir/CheckFunctionExists.c.o  -o cmTryCompileExec241957576 -rdynamic -lpthreads 
/usr/bin/ld: cannot find -lpthreads
collect2: error: ld returned 1 exit status
make[1]: *** [cmTryCompileExec241957576] Error 1
make[1]: Leaving directory `/home/ga59muq/group7/ga59muq/build/CMakeFiles/CMakeTmp'
make: *** [cmTryCompileExec241957576/fast] Error 2


